c:\users\jlaib\documents\syracuse school folder\classes\cse 687 object oriented design\project\phase 4\pjortiz13 cse687_spring_24 main phase_4\libreduce\x64\debug\vc143.pdb
c:\users\jlaib\documents\syracuse school folder\classes\cse 687 object oriented design\project\phase 4\pjortiz13 cse687_spring_24 main phase_4\libreduce\x64\debug\vc143.idb
c:\users\jlaib\documents\syracuse school folder\classes\cse 687 object oriented design\project\phase 4\pjortiz13 cse687_spring_24 main phase_4\libreduce\x64\debug\dllmain.nativecodeanalysis.sarif
c:\users\jlaib\documents\syracuse school folder\classes\cse 687 object oriented design\project\phase 4\pjortiz13 cse687_spring_24 main phase_4\libreduce\x64\debug\dllmain.nativecodeanalysis.xml
c:\users\jlaib\documents\syracuse school folder\classes\cse 687 object oriented design\project\phase 4\pjortiz13 cse687_spring_24 main phase_4\libreduce\x64\debug\libreduce.nativecodeanalysis.sarif
c:\users\jlaib\documents\syracuse school folder\classes\cse 687 object oriented design\project\phase 4\pjortiz13 cse687_spring_24 main phase_4\libreduce\x64\debug\libreduce.nativecodeanalysis.xml
c:\users\jlaib\documents\syracuse school folder\classes\cse 687 object oriented design\project\phase 4\pjortiz13 cse687_spring_24 main phase_4\libreduce\x64\debug\libreduce.obj
c:\users\jlaib\documents\syracuse school folder\classes\cse 687 object oriented design\project\phase 4\pjortiz13 cse687_spring_24 main phase_4\libreduce\x64\debug\dllmain.obj
c:\users\jlaib\documents\syracuse school folder\classes\cse 687 object oriented design\project\phase 4\pjortiz13 cse687_spring_24 main phase_4\libreduce\x64\debug\libreduce.ilk
c:\users\jlaib\documents\syracuse school folder\classes\cse 687 object oriented design\project\phase 4\pjortiz13 cse687_spring_24 main phase_4\x64\debug\libreduce.dll
c:\users\jlaib\documents\syracuse school folder\classes\cse 687 object oriented design\project\phase 4\pjortiz13 cse687_spring_24 main phase_4\x64\debug\libreduce.pdb
c:\users\jlaib\documents\syracuse school folder\classes\cse 687 object oriented design\project\phase 4\pjortiz13 cse687_spring_24 main phase_4\x64\debug\libreduce.lib
c:\users\jlaib\documents\syracuse school folder\classes\cse 687 object oriented design\project\phase 4\pjortiz13 cse687_spring_24 main phase_4\x64\debug\libreduce.exp
c:\users\jlaib\documents\syracuse school folder\classes\cse 687 object oriented design\project\phase 4\pjortiz13 cse687_spring_24 main phase_4\libreduce\x64\debug\vc.nativecodeanalysis.all.xml
c:\users\jlaib\documents\syracuse school folder\classes\cse 687 object oriented design\project\phase 4\pjortiz13 cse687_spring_24 main phase_4\libreduce\x64\debug\libreduce.tlog\cl.command.1.tlog
c:\users\jlaib\documents\syracuse school folder\classes\cse 687 object oriented design\project\phase 4\pjortiz13 cse687_spring_24 main phase_4\libreduce\x64\debug\libreduce.tlog\cl.items.tlog
c:\users\jlaib\documents\syracuse school folder\classes\cse 687 object oriented design\project\phase 4\pjortiz13 cse687_spring_24 main phase_4\libreduce\x64\debug\libreduce.tlog\cl.read.1.tlog
c:\users\jlaib\documents\syracuse school folder\classes\cse 687 object oriented design\project\phase 4\pjortiz13 cse687_spring_24 main phase_4\libreduce\x64\debug\libreduce.tlog\cl.write.1.tlog
c:\users\jlaib\documents\syracuse school folder\classes\cse 687 object oriented design\project\phase 4\pjortiz13 cse687_spring_24 main phase_4\libreduce\x64\debug\libreduce.tlog\link.command.1.tlog
c:\users\jlaib\documents\syracuse school folder\classes\cse 687 object oriented design\project\phase 4\pjortiz13 cse687_spring_24 main phase_4\libreduce\x64\debug\libreduce.tlog\link.read.1.tlog
c:\users\jlaib\documents\syracuse school folder\classes\cse 687 object oriented design\project\phase 4\pjortiz13 cse687_spring_24 main phase_4\libreduce\x64\debug\libreduce.tlog\link.write.1.tlog
c:\users\jlaib\documents\syracuse school folder\classes\cse 687 object oriented design\project\phase 4\pjortiz13 cse687_spring_24 main phase_4\libreduce\x64\debug\libreduce.tlog\link.write.2u.tlog
